-------------------------------------------------------------------------------
Test set: TestSuite
-------------------------------------------------------------------------------
Tests run: 1, Failures: 1, Errors: 0, Skipped: 0, Time elapsed: 29.336 s <<< FAILURE! - in TestSuite
test(pri.hmj.TestngSpringIntegration.AppTest)  Time elapsed: 25.52 s  <<< FAILURE!
java.lang.AssertionError: expected [true] but found [false]
	at pri.hmj.TestngSpringIntegration.AppTest.test(AppTest.java:51)

